2025-08-07 23:11:56,400 - INFO - [INIT] Archivo data.json: /home/runner/work/devyou/devyou/data.json
2025-08-07 23:11:56,400 - INFO - [INIT] Carpeta uploadable: /home/runner/work/devyou/devyou/uploadable
2025-08-07 23:11:56,400 - INFO - [START] Iniciando procesamiento de videos editados...
2025-08-07 23:11:56,400 - INFO - [JSON] Cargados 41 videos desde data.json
2025-08-07 23:11:56,400 - INFO - [FILTER] Encontrados 0 videos con estado 'edited'
2025-08-07 23:11:56,400 - INFO - [EMPTY] No hay videos con estado 'edited' para procesar
2025-08-07 23:11:56,813 - INFO - [TELEGRAM] Notificación enviada exitosamente
2025-08-07 23:11:56,814 - INFO - [FINISH] Proceso completado exitosamente
2025-08-07 23:17:20,735 - INFO - [INIT] Archivo data.json: /home/runner/work/devyou/devyou/data.json
2025-08-07 23:17:20,735 - INFO - [INIT] Carpeta uploadable: /home/runner/work/devyou/devyou/uploadable
2025-08-07 23:17:20,735 - INFO - [START] Iniciando procesamiento de videos editados...
2025-08-07 23:17:20,736 - INFO - [JSON] Cargados 41 videos desde data.json
2025-08-07 23:17:20,736 - INFO - [FILTER] Encontrados 0 videos con estado 'edited'
2025-08-07 23:17:20,736 - INFO - [EMPTY] No hay videos con estado 'edited' para procesar
2025-08-07 23:17:21,170 - INFO - [TELEGRAM] Notificación enviada exitosamente
2025-08-07 23:17:21,170 - INFO - [FINISH] Proceso completado exitosamente
2025-08-07 23:28:26,921 - INFO - [INIT] Archivo data.json: /home/runner/work/devyou/devyou/data.json
2025-08-07 23:28:26,921 - INFO - [INIT] Carpeta uploadable: /home/runner/work/devyou/devyou/uploadable
2025-08-07 23:28:26,921 - INFO - [START] Iniciando procesamiento de videos editados...
2025-08-07 23:28:26,922 - INFO - [JSON] Cargados 41 videos desde data.json
2025-08-07 23:28:26,922 - INFO - [FILTER] Encontrados 0 videos con estado 'edited'
2025-08-07 23:28:26,922 - INFO - [EMPTY] No hay videos con estado 'edited' para procesar
2025-08-07 23:28:27,459 - INFO - [TELEGRAM] Notificación enviada exitosamente
2025-08-07 23:28:27,460 - INFO - [FINISH] Proceso completado exitosamente
2025-08-07 23:52:49,459 - INFO - [INIT] Archivo data.json: /home/runner/work/devyou/devyou/data.json
2025-08-07 23:52:49,459 - INFO - [INIT] Carpeta uploadable: /home/runner/work/devyou/devyou/uploadable
2025-08-07 23:52:49,459 - INFO - [START] Iniciando procesamiento de videos editados...
2025-08-07 23:52:49,460 - INFO - [JSON] Cargados 41 videos desde data.json
2025-08-07 23:52:49,460 - INFO - [FILTER] Encontrados 0 videos con estado 'edited'
2025-08-07 23:52:49,460 - INFO - [EMPTY] No hay videos con estado 'edited' para procesar
2025-08-07 23:52:49,859 - INFO - [TELEGRAM] Notificación enviada exitosamente
2025-08-07 23:52:49,860 - INFO - [FINISH] Proceso completado exitosamente
2025-08-08 00:08:59,272 - INFO - [INIT] Archivo data.json: /home/runner/work/devyou/devyou/data.json
2025-08-08 00:08:59,272 - INFO - [INIT] Carpeta uploadable: /home/runner/work/devyou/devyou/uploadable
2025-08-08 00:08:59,272 - INFO - [START] Iniciando procesamiento de videos editados...
2025-08-08 00:08:59,273 - INFO - [JSON] Cargados 41 videos desde data.json
2025-08-08 00:08:59,273 - INFO - [FILTER] Encontrados 0 videos con estado 'edited'
2025-08-08 00:08:59,273 - INFO - [EMPTY] No hay videos con estado 'edited' para procesar
2025-08-08 00:08:59,739 - INFO - [TELEGRAM] Notificación enviada exitosamente
2025-08-08 00:08:59,740 - INFO - [FINISH] Proceso completado exitosamente
2025-08-08 00:18:34,561 - INFO - [INIT] Archivo data.json: /home/runner/work/devyou/devyou/data.json
2025-08-08 00:18:34,561 - INFO - [INIT] Carpeta uploadable: /home/runner/work/devyou/devyou/uploadable
2025-08-08 00:18:34,562 - INFO - [START] Iniciando procesamiento de videos editados...
2025-08-08 00:18:34,562 - INFO - [JSON] Cargados 41 videos desde data.json
2025-08-08 00:18:34,562 - INFO - [FILTER] Encontrados 0 videos con estado 'edited'
2025-08-08 00:18:34,562 - INFO - [EMPTY] No hay videos con estado 'edited' para procesar
2025-08-08 00:18:34,998 - INFO - [TELEGRAM] Notificación enviada exitosamente
2025-08-08 00:18:34,999 - INFO - [FINISH] Proceso completado exitosamente
2025-08-08 00:27:14,330 - INFO - [INIT] Archivo data.json: /home/runner/work/devyou/devyou/data.json
2025-08-08 00:27:14,330 - INFO - [INIT] Carpeta uploadable: /home/runner/work/devyou/devyou/uploadable
2025-08-08 00:27:14,330 - INFO - [START] Iniciando procesamiento de videos editados...
2025-08-08 00:27:14,331 - INFO - [JSON] Cargados 41 videos desde data.json
2025-08-08 00:27:14,331 - INFO - [FILTER] Encontrados 0 videos con estado 'edited'
2025-08-08 00:27:14,331 - INFO - [EMPTY] No hay videos con estado 'edited' para procesar
2025-08-08 00:27:14,747 - INFO - [TELEGRAM] Notificación enviada exitosamente
2025-08-08 00:27:14,748 - INFO - [FINISH] Proceso completado exitosamente
2025-08-08 00:31:26,858 - INFO - [INIT] Archivo data.json: /home/runner/work/devyou/devyou/data.json
2025-08-08 00:31:26,858 - INFO - [INIT] Carpeta uploadable: /home/runner/work/devyou/devyou/uploadable
2025-08-08 00:31:26,858 - INFO - [START] Iniciando procesamiento de videos editados...
2025-08-08 00:31:26,859 - INFO - [JSON] Cargados 42 videos desde data.json
2025-08-08 00:31:26,859 - INFO - [FILTER] Encontrados 0 videos con estado 'edited'
2025-08-08 00:31:26,859 - INFO - [EMPTY] No hay videos con estado 'edited' para procesar
2025-08-08 00:31:27,246 - INFO - [TELEGRAM] Notificación enviada exitosamente
2025-08-08 00:31:27,246 - INFO - [FINISH] Proceso completado exitosamente
