2025-08-07 23:11:57,661 - INFO - [FINISH] Proceso completado
2025-08-07 23:17:22,079 - INFO - [FINISH] Proceso completado
2025-08-07 23:28:28,433 - INFO - [FINISH] Proceso completado
2025-08-07 23:52:50,620 - INFO - [FINISH] Proceso completado
2025-08-08 00:09:00,486 - INFO - [FINISH] Proceso completado
2025-08-08 00:18:35,907 - INFO - [FINISH] Proceso completado
2025-08-08 00:27:15,477 - INFO - [FINISH] Proceso completado
2025-08-08 00:31:28,002 - INFO - [FINISH] Proceso completado
2025-08-08 00:46:48,363 - INFO - [PROCESS] 1 videos listos
2025-08-08 00:46:48,363 - INFO - [SEARCH] Buscando archivos para: 'Bon appétit, majestad | AVANCE ESPECIAL | Netflix'
2025-08-08 00:46:48,363 - INFO - [SEARCH] Palabras clave: ['bon', 'appetit', 'majestad']
2025-08-08 00:46:48,363 - INFO - [FILES] JSON: Bon appétit, majestad _ AVANCE ESPECIAL _ Netflix.json
2025-08-08 00:46:48,363 - ERROR - [ERROR] Faltan archivos para 'Bon appétit, majestad | AVANCE ESPECIAL | Netflix': MP4
2025-08-08 00:46:48,365 - INFO - [FINISH] Proceso completado
2025-08-08 01:06:36,922 - INFO - [PROCESS] 1 videos listos
2025-08-08 01:06:36,922 - INFO - [SEARCH] Buscando archivos para: 'Bon appétit, majestad | AVANCE ESPECIAL | Netflix'
2025-08-08 01:06:36,923 - INFO - [SEARCH] Palabras clave: ['bon', 'appetit', 'majestad']
2025-08-08 01:06:36,923 - INFO - [FILES] JSON: Bon appétit, majestad _ AVANCE ESPECIAL _ Netflix.json
2025-08-08 01:06:36,923 - ERROR - [ERROR] Faltan archivos para 'Bon appétit, majestad | AVANCE ESPECIAL | Netflix': MP4
2025-08-08 01:06:36,924 - INFO - [FINISH] Proceso completado
2025-08-08 01:18:24,675 - INFO - [PROCESS] 1 videos listos
2025-08-08 01:18:24,675 - INFO - [SEARCH] Buscando archivos para: 'Bon appétit, majestad | AVANCE ESPECIAL | Netflix'
2025-08-08 01:18:24,675 - INFO - [SEARCH] Palabras clave: ['bon', 'appetit', 'majestad']
2025-08-08 01:18:24,676 - INFO - [FILES] JSON: Bon appétit, majestad _ AVANCE ESPECIAL _ Netflix.json
2025-08-08 01:18:24,676 - ERROR - [ERROR] Faltan archivos para 'Bon appétit, majestad | AVANCE ESPECIAL | Netflix': MP4
2025-08-08 01:18:24,677 - INFO - [FINISH] Proceso completado
2025-08-08 01:46:41,151 - INFO - [PROCESS] 1 videos listos
2025-08-08 01:46:41,151 - INFO - [SEARCH] Buscando archivos para: 'Bon appétit, majestad | AVANCE ESPECIAL | Netflix'
2025-08-08 01:46:41,151 - INFO - [SEARCH] Palabras clave: ['bon', 'appetit', 'majestad']
2025-08-08 01:46:41,151 - INFO - [FILES] JSON: Bon appétit, majestad _ AVANCE ESPECIAL _ Netflix.json
2025-08-08 01:46:41,152 - ERROR - [ERROR] Faltan archivos para 'Bon appétit, majestad | AVANCE ESPECIAL | Netflix': MP4
2025-08-08 01:46:41,153 - INFO - [FINISH] Proceso completado
2025-08-08 17:22:21,032 - INFO - [PROCESS] 1 videos listos
2025-08-08 17:22:21,032 - INFO - [SEARCH] Buscando archivos para: 'Bon appétit, majestad | AVANCE ESPECIAL | Netflix'
2025-08-08 17:22:21,032 - INFO - [SEARCH] Palabras clave: ['bon', 'appetit', 'majestad']
2025-08-08 17:22:21,033 - INFO - [FILES] JSON: Bon appétit, majestad _ AVANCE ESPECIAL _ Netflix.json
2025-08-08 17:22:21,033 - ERROR - [ERROR] Faltan archivos para 'Bon appétit, majestad | AVANCE ESPECIAL | Netflix': MP4
2025-08-08 17:22:21,034 - INFO - [FINISH] Proceso completado
2025-08-08 17:29:55,241 - INFO - [PROCESS] 1 videos listos
2025-08-08 17:29:55,241 - INFO - [SEARCH] Buscando archivos para: 'Bon appétit, majestad | AVANCE ESPECIAL | Netflix'
2025-08-08 17:29:55,241 - INFO - [SEARCH] Palabras clave: ['bon', 'appetit', 'majestad']
2025-08-08 17:29:55,241 - INFO - [FILES] JSON: Bon appétit, majestad _ AVANCE ESPECIAL _ Netflix.json
2025-08-08 17:29:55,242 - ERROR - [ERROR] Faltan archivos para 'Bon appétit, majestad | AVANCE ESPECIAL | Netflix': MP4
2025-08-08 17:29:55,243 - INFO - [FINISH] Proceso completado
